0 info it worked if it ends with ok
1 verbose cli [ '/Users/James/.nvm/versions/node/v6.9.0/bin/node',
1 verbose cli   '/Users/James/.nvm/versions/node/v6.9.0/bin/npm',
1 verbose cli   'start' ]
2 info using npm@3.10.8
3 info using node@v6.9.0
4 verbose run-script [ 'prestart', 'start', 'poststart' ]
5 info lifecycle serverSide@0.0.0~prestart: serverSide@0.0.0
6 silly lifecycle serverSide@0.0.0~prestart: no script for prestart, continuing
7 info lifecycle serverSide@0.0.0~start: serverSide@0.0.0
8 verbose lifecycle serverSide@0.0.0~start: unsafe-perm in lifecycle true
9 verbose lifecycle serverSide@0.0.0~start: PATH: /Users/James/.nvm/versions/node/v6.9.0/lib/node_modules/npm/bin/node-gyp-bin:/Users/James/Documents/group-projects/serverSide/node_modules/.bin:/Users/James/.nvm/versions/node/v6.9.0/bin:/usr/local/bin:/usr/bin:/bin:/usr/sbin:/sbin
10 verbose lifecycle serverSide@0.0.0~start: CWD: /Users/James/Documents/group-projects/serverSide
11 silly lifecycle serverSide@0.0.0~start: Args: [ '-c', 'node ./bin/www' ]
12 silly lifecycle serverSide@0.0.0~start: Returned: code: 1  signal: null
13 info lifecycle serverSide@0.0.0~start: Failed to exec start script
14 verbose stack Error: serverSide@0.0.0 start: `node ./bin/www`
14 verbose stack Exit status 1
14 verbose stack     at EventEmitter.<anonymous> (/Users/James/.nvm/versions/node/v6.9.0/lib/node_modules/npm/lib/utils/lifecycle.js:255:16)
14 verbose stack     at emitTwo (events.js:106:13)
14 verbose stack     at EventEmitter.emit (events.js:191:7)
14 verbose stack     at ChildProcess.<anonymous> (/Users/James/.nvm/versions/node/v6.9.0/lib/node_modules/npm/lib/utils/spawn.js:40:14)
14 verbose stack     at emitTwo (events.js:106:13)
14 verbose stack     at ChildProcess.emit (events.js:191:7)
14 verbose stack     at maybeClose (internal/child_process.js:877:16)
14 verbose stack     at Process.ChildProcess._handle.onexit (internal/child_process.js:226:5)
15 verbose pkgid serverSide@0.0.0
16 verbose cwd /Users/James/Documents/group-projects/serverSide
17 error Darwin 16.1.0
18 error argv "/Users/James/.nvm/versions/node/v6.9.0/bin/node" "/Users/James/.nvm/versions/node/v6.9.0/bin/npm" "start"
19 error node v6.9.0
20 error npm  v3.10.8
21 error code ELIFECYCLE
22 error serverSide@0.0.0 start: `node ./bin/www`
22 error Exit status 1
23 error Failed at the serverSide@0.0.0 start script 'node ./bin/www'.
23 error Make sure you have the latest version of node.js and npm installed.
23 error If you do, this is most likely a problem with the serverSide package,
23 error not with npm itself.
23 error Tell the author that this fails on your system:
23 error     node ./bin/www
23 error You can get information on how to open an issue for this project with:
23 error     npm bugs serverSide
23 error Or if that isn't available, you can get their info via:
23 error     npm owner ls serverSide
23 error There is likely additional logging output above.
24 verbose exit [ 1, true ]
